<?xml version="1.0" encoding="UTF-8"?>
<!-- Generated by org.testng.reporters.JUnitReportReporter -->
<testsuite hostname="pop-os" failures="0" tests="1" name="com.bit.test.UnitTest" time="0.007" errors="0" timestamp="2021-08-29T13:36:00 EDT" skipped="0">
  <testcase classname="com.bit.test.UnitTest" name="buyAShirt" time="0.007"/>
  <system-out/>
</testsuite> <!-- com.bit.test.UnitTest -->
