<?xml version="1.0" encoding="UTF-8"?>
<!-- Generated by org.testng.reporters.JUnitReportReporter -->
<testsuite hostname="pop-os" failures="0" tests="2" name="com.bit.test.DBtest" time="0.009" errors="0" timestamp="2021-08-28T14:01:58 EDT" skipped="0">
  <testcase classname="com.bit.test.DBtest" name="f" time="0.008"/>
  <system-out/>
  <testcase classname="com.bit.test.DBtest" name="f" time="0.001"/>
  <system-out/>
</testsuite> <!-- com.bit.test.DBtest -->
