<?xml version="1.0" encoding="UTF-8"?>
<!-- Generated by org.testng.reporters.JUnitReportReporter -->
<testsuite hostname="pop-os" failures="0" tests="1" name="com.bit.test.SmokeTest" time="0.017" errors="0" timestamp="2021-08-29T13:36:00 EDT" skipped="0">
  <testcase classname="com.bit.test.SmokeTest" name="logout" time="0.017"/>
  <system-out/>
</testsuite> <!-- com.bit.test.SmokeTest -->
