<?xml version="1.0" encoding="UTF-8"?>
<!-- Generated by org.testng.reporters.JUnitReportReporter -->
<testsuite hostname="pop-os" failures="0" tests="1" name="com.bit.test.RegressionTest" time="0.004" errors="0" timestamp="2021-08-21T21:55:40 EDT" skipped="0">
  <testcase classname="com.bit.test.RegressionTest" name="RegressionTestOn" time="0.004"/>
  <system-out/>
</testsuite> <!-- com.bit.test.RegressionTest -->
